<?xml version="1.0" encoding="UTF-8"?>
<testsuite name="com.laioffer.onlineorder.CartServiceTests" tests="4" skipped="0" failures="0" errors="0" timestamp="2023-11-11T17:47:19" hostname="ucr-secure-43-10-13-221-186.wnet.ucr.edu" time="1.463">
  <properties/>
  <testcase name="getCart_shouldReturnCartDto()" classname="com.laioffer.onlineorder.CartServiceTests" time="1.393"/>
  <testcase name="addMenuItemToCart_whenOrderNotExist_shouldCreateOneOrderItem()" classname="com.laioffer.onlineorder.CartServiceTests" time="0.05"/>
  <testcase name="clearCart_shouldRemoveAllItemsAndResetTotalPrice()" classname="com.laioffer.onlineorder.CartServiceTests" time="0.006"/>
  <testcase name="addMenuItemToCart_whenOrderAlreadyExist_shouldUpdateOrderItem()" classname="com.laioffer.onlineorder.CartServiceTests" time="0.006"/>
  <system-out><![CDATA[]]></system-out>
  <system-err><![CDATA[]]></system-err>
</testsuite>
